#
# There is insufficient memory for the Java Runtime Environment to continue.
# Native memory allocation (malloc) failed to allocate 353424 bytes. Error detail: Chunk::new
# Possible reasons:
#   The system is out of physical RAM or swap space
#   This process is running with CompressedOops enabled, and the Java Heap may be blocking the growth of the native heap
# Possible solutions:
#   Reduce memory load on the system
#   Increase physical memory or swap space
#   Check if swap backing store is full
#   Decrease Java heap size (-Xmx/-Xms)
#   Decrease number of Java threads
#   Decrease Java thread stack sizes (-Xss)
#   Set larger code cache with -XX:ReservedCodeCacheSize=
#     placed in the first 4GB address space. The Java Heap base address is the
#     maximum limit for the native heap growth. Please use -XX:HeapBaseMinAddress
#     to set the Java Heap base and to place the Java Heap above 4GB virtual address.
# This output file may be truncated or incomplete.
#
#  Out of Memory Error (arena.cpp:168), pid=17200, tid=11504
#
# JRE version: OpenJDK Runtime Environment Temurin-21.0.8+9 (21.0.8+9) (build 21.0.8+9-LTS)
# Java VM: OpenJDK 64-Bit Server VM Temurin-21.0.8+9 (21.0.8+9-LTS, mixed mode, sharing, tiered, compressed oops, compressed class ptrs, parallel gc, windows-amd64)
# No core dump will be written. Minidumps are not enabled by default on client versions of Windows
#

---------------  S U M M A R Y ------------

Command Line: --add-modules=ALL-SYSTEM --add-opens=java.base/java.util=ALL-UNNAMED --add-opens=java.base/java.lang=ALL-UNNAMED --add-opens=java.base/sun.nio.fs=ALL-UNNAMED -Declipse.application=org.eclipse.jdt.ls.core.id1 -Dosgi.bundles.defaultStartLevel=4 -Declipse.product=org.eclipse.jdt.ls.core.product -Djava.import.generatesMetadataFilesAtProjectRoot=false -DDetectVMInstallationsJob.disabled=true -Dfile.encoding=utf8 -XX:+UseParallelGC -XX:GCTimeRatio=4 -XX:AdaptiveSizePolicyWeight=90 -Dsun.zip.disableMemoryMapping=true -Xmx2G -Xms100m -Xlog:disable -javaagent:c:\Users\ayman\.vscode\extensions\redhat.java-1.45.0-win32-x64\lombok\lombok-1.18.39-4050.jar -XX:+HeapDumpOnOutOfMemoryError -XX:HeapDumpPath=c:\Users\ayman\AppData\Roaming\Code\User\workspaceStorage\13efcf21b2e85cbd2ffba05e153eed81\redhat.java -Daether.dependencyCollector.impl=bf c:\Users\ayman\.vscode\extensions\redhat.java-1.45.0-win32-x64\server\plugins\org.eclipse.equinox.launcher_1.7.0.v20250519-0528.jar -configuration c:\Users\ayman\AppData\Roaming\Code\User\globalStorage\redhat.java\1.45.0\config_win -data c:\Users\ayman\AppData\Roaming\Code\User\workspaceStorage\13efcf21b2e85cbd2ffba05e153eed81\redhat.java\jdt_ws --pipe=\\.\pipe\lsp-d602242cff096baa653ab22e1d127fd6-sock

Host: Intel(R) Core(TM) i5-6200U CPU @ 2.30GHz, 4 cores, 7G,  Windows 10 , 64 bit Build 19041 (10.0.19041.5915)
Time: Sun Sep 28 19:24:06 2025 elapsed time: 5.621414 seconds (0d 0h 0m 5s)

---------------  T H R E A D  ---------------

Current thread (0x00000257bfb82130):  JavaThread "C2 CompilerThread0" daemon [_thread_in_native, id=11504, stack(0x0000008883d00000,0x0000008883e00000) (1024K)]


Current CompileTask:
C2:5621  832       4       lombok.patcher.PatchScript::classMatches (41 bytes)

Stack: [0x0000008883d00000,0x0000008883e00000]
Native frames: (J=compiled Java code, j=interpreted, Vv=VM code, C=native code)
V  [jvm.dll+0x6d2449]
V  [jvm.dll+0x8ae341]
V  [jvm.dll+0x8b08be]
V  [jvm.dll+0x8b0fa3]
V  [jvm.dll+0x280c96]
V  [jvm.dll+0xc581d]
V  [jvm.dll+0xc5d53]
V  [jvm.dll+0x3b919c]
V  [jvm.dll+0x385315]
V  [jvm.dll+0x38477a]
V  [jvm.dll+0x248ed0]
V  [jvm.dll+0x2484af]
V  [jvm.dll+0x1c89ee]
V  [jvm.dll+0x257d4d]
V  [jvm.dll+0x2562ea]
V  [jvm.dll+0x3f2d16]
V  [jvm.dll+0x857e6b]
V  [jvm.dll+0x6d0b0d]
C  [ucrtbase.dll+0x21bb2]
C  [KERNEL32.DLL+0x17374]
C  [ntdll.dll+0x4cc91]


---------------  P R O C E S S  ---------------

Threads class SMR info:
_java_thread_list=0x0000025818496520, length=11, elements={
0x00000257bfc90db0, 0x00000257bfb78750, 0x00000257bfb79660, 0x00000257bfb7b950,
0x00000257bfb7c860, 0x00000257bfb7e620, 0x00000257bfb81080, 0x00000257bfb82130,
0x00000257bfbf9230, 0x00000257bfcfcf60, 0x00000258183be860
}

Java Threads: ( => current thread )
  0x00000257bfc90db0 JavaThread "main"                              [_thread_in_vm, id=2556, stack(0x0000008883300000,0x0000008883400000) (1024K)]
  0x00000257bfb78750 JavaThread "Reference Handler"          daemon [_thread_blocked, id=14632, stack(0x0000008883700000,0x0000008883800000) (1024K)]
  0x00000257bfb79660 JavaThread "Finalizer"                  daemon [_thread_blocked, id=16448, stack(0x0000008883800000,0x0000008883900000) (1024K)]
  0x00000257bfb7b950 JavaThread "Signal Dispatcher"          daemon [_thread_blocked, id=6916, stack(0x0000008883900000,0x0000008883a00000) (1024K)]
  0x00000257bfb7c860 JavaThread "Attach Listener"            daemon [_thread_blocked, id=7648, stack(0x0000008883a00000,0x0000008883b00000) (1024K)]
  0x00000257bfb7e620 JavaThread "Service Thread"             daemon [_thread_blocked, id=2460, stack(0x0000008883b00000,0x0000008883c00000) (1024K)]
  0x00000257bfb81080 JavaThread "Monitor Deflation Thread"   daemon [_thread_blocked, id=21004, stack(0x0000008883c00000,0x0000008883d00000) (1024K)]
=>0x00000257bfb82130 JavaThread "C2 CompilerThread0"         daemon [_thread_in_native, id=11504, stack(0x0000008883d00000,0x0000008883e00000) (1024K)]
  0x00000257bfbf9230 JavaThread "C1 CompilerThread0"         daemon [_thread_blocked, id=15448, stack(0x0000008883e00000,0x0000008883f00000) (1024K)]
  0x00000257bfcfcf60 JavaThread "Common-Cleaner"             daemon [_thread_blocked, id=1580, stack(0x0000008883f00000,0x0000008884000000) (1024K)]
  0x00000258183be860 JavaThread "Notification Thread"        daemon [_thread_blocked, id=13452, stack(0x0000008884000000,0x0000008884100000) (1024K)]
Total: 11

Other Threads:
  0x00000257bfb6e8f0 VMThread "VM Thread"                           [id=12604, stack(0x0000008883600000,0x0000008883700000) (1024K)]
  0x00000257bfcfbd80 WatcherThread "VM Periodic Task Thread"        [id=23340, stack(0x0000008883500000,0x0000008883600000) (1024K)]
  0x00000257bfcaf1b0 WorkerThread "GC Thread#0"                     [id=22968, stack(0x0000008883400000,0x0000008883500000) (1024K)]
Total: 3

Threads with active compile tasks:
C2 CompilerThread0  5689  832       4       lombok.patcher.PatchScript::classMatches (41 bytes)
Total: 1

VM state: not at safepoint (normal execution)

VM Mutex/Monitor currently owned by a thread:  ([mutex/lock_event])
[0x00007ffe56b23458] Metaspace_lock - owner thread: 0x00000257bfc90db0

Heap address: 0x0000000080000000, size: 2048 MB, Compressed Oops mode: 32-bit

CDS archive(s) mapped at: [0x00000257d7000000-0x00000257d7ba0000-0x00000257d7ba0000), size 12189696, SharedBaseAddress: 0x00000257d7000000, ArchiveRelocationMode: 1.
Compressed class space mapped at: 0x00000257d8000000-0x0000025818000000, reserved size: 1073741824
Narrow klass base: 0x00000257d7000000, Narrow klass shift: 0, Narrow klass range: 0x100000000

GC Precious Log:
 CardTable entry size: 512
 CPUs: 4 total, 4 available
 Memory: 8072M
 Large Page Support: Disabled
 NUMA Support: Disabled
 Compressed Oops: Enabled (32-bit)
 Alignments: Space 512K, Generation 512K, Heap 2M
 Heap Min Capacity: 100M
 Heap Initial Capacity: 100M
 Heap Max Capacity: 2G
 Pre-touch: Disabled
 Parallel Workers: 4

Heap:
 PSYoungGen      total 29696K, used 16535K [0x00000000d5580000, 0x00000000d7680000, 0x0000000100000000)
  eden space 25600K, 64% used [0x00000000d5580000,0x00000000d65a5df8,0x00000000d6e80000)
  from space 4096K, 0% used [0x00000000d7280000,0x00000000d7280000,0x00000000d7680000)
  to   space 4096K, 0% used [0x00000000d6e80000,0x00000000d6e80000,0x00000000d7280000)
 ParOldGen       total 68608K, used 0K [0x0000000080000000, 0x0000000084300000, 0x00000000d5580000)
  object space 68608K, 0% used [0x0000000080000000,0x0000000080000000,0x0000000084300000)
 Metaspace       used 3237K, committed 3456K, reserved 1114112K
  class space    used 344K, committed 448K, reserved 1048576K

Card table byte_map: [0x00000257bf640000,0x00000257bfa50000] _byte_map_base: 0x00000257bf240000

Marking Bits: (ParMarkBitMap*) 0x00007ffe56b2a340
 Begin Bits: [0x00000257d2140000, 0x00000257d4140000)
 End Bits:   [0x00000257d4140000, 0x00000257d6140000)

Polling page: 0x00000257bdaf0000

Metaspace:

Usage:
  Non-class:      2.83 MB used.
      Class:    344.77 KB used.
       Both:      3.16 MB used.

Virtual space:
  Non-class space:       64.00 MB reserved,       2.94 MB (  5%) committed,  1 nodes.
      Class space:        1.00 GB reserved,     448.00 KB ( <1%) committed,  1 nodes.
             Both:        1.06 GB reserved,       3.38 MB ( <1%) committed. 

Chunk freelists:
   Non-Class:  11.50 MB
       Class:  15.51 MB
        Both:  27.00 MB

MaxMetaspaceSize: unlimited
CompressedClassSpaceSize: 1.00 GB
Initial GC threshold: 21.00 MB
Current GC threshold: 21.00 MB
CDS: on
 - commit_granule_bytes: 65536.
 - commit_granule_words: 8192.
 - virtual_space_node_default_size: 8388608.
 - enlarge_chunks_in_place: 1.
 - use_allocation_guard: 0.


Internal statistics:

num_allocs_failed_limit: 0.
num_arena_births: 134.
num_arena_deaths: 0.
num_vsnodes_births: 2.
num_vsnodes_deaths: 0.
num_space_committed: 54.
num_space_uncommitted: 0.
num_chunks_returned_to_freelist: 0.
num_chunks_taken_from_freelist: 168.
num_chunk_merges: 0.
num_chunk_splits: 113.
num_chunks_enlarged: 67.
num_inconsistent_stats: 0.

CodeHeap 'non-profiled nmethods': size=120000Kb used=334Kb max_used=334Kb free=119665Kb
 bounds [0x00000257ca960000, 0x00000257cabd0000, 0x00000257d1e90000]
CodeHeap 'profiled nmethods': size=120000Kb used=1329Kb max_used=1329Kb free=118670Kb
 bounds [0x00000257c2e90000, 0x00000257c3100000, 0x00000257ca3c0000]
CodeHeap 'non-nmethods': size=5760Kb used=1188Kb max_used=1203Kb free=4572Kb
 bounds [0x00000257ca3c0000, 0x00000257ca630000, 0x00000257ca960000]
CodeCache: size=245760Kb, used=2851Kb, max_used=2866Kb, free=242907Kb
 total_blobs=1314, nmethods=867, adapters=354, full_count=0
Compilation: enabled, stopped_count=0, restarted_count=0

Compilation events (20 events):
Event: 5.564 Thread 0x00000257bfbf9230  845       3       jdk.internal.org.objectweb.asm.SymbolTable$Entry::<init> (18 bytes)
Event: 5.564 Thread 0x00000257bfbf9230 nmethod 845 0x00000257c2fd2190 code [0x00000257c2fd2340, 0x00000257c2fd24b8]
Event: 5.570 Thread 0x00000257bfbf9230  848       3       java.lang.invoke.MethodType::insertParameterTypes (121 bytes)
Event: 5.572 Thread 0x00000257bfbf9230 nmethod 848 0x00000257c2fd2590 code [0x00000257c2fd2880, 0x00000257c2fd3758]
Event: 5.573 Thread 0x00000257bfbf9230  849       3       jdk.internal.org.objectweb.asm.MethodWriter::visitMethodInsn (191 bytes)
Event: 5.574 Thread 0x00000257bfbf9230 nmethod 849 0x00000257c2fd3d10 code [0x00000257c2fd3f60, 0x00000257c2fd46a8]
Event: 5.574 Thread 0x00000257bfbf9230  850       3       jdk.internal.org.objectweb.asm.SymbolTable::addConstantMethodref (24 bytes)
Event: 5.575 Thread 0x00000257bfbf9230 nmethod 850 0x00000257c2fd4a10 code [0x00000257c2fd4bc0, 0x00000257c2fd4d60]
Event: 5.595 Thread 0x00000257bfbf9230  851       3       jdk.internal.org.objectweb.asm.Attribute::computeAttributesSize (62 bytes)
Event: 5.596 Thread 0x00000257bfbf9230 nmethod 851 0x00000257c2fd4e10 code [0x00000257c2fd4fe0, 0x00000257c2fd52c8]
Event: 5.596 Thread 0x00000257bfbf9230  852       3       jdk.internal.org.objectweb.asm.AnnotationWriter::computeAnnotationsSize (66 bytes)
Event: 5.596 Thread 0x00000257bfbf9230 nmethod 852 0x00000257c2fd5410 code [0x00000257c2fd5600, 0x00000257c2fd5900]
Event: 5.596 Thread 0x00000257bfbf9230  853       3       jdk.internal.org.objectweb.asm.Attribute::putAttributes (78 bytes)
Event: 5.597 Thread 0x00000257bfbf9230 nmethod 853 0x00000257c2fd5a90 code [0x00000257c2fd5d00, 0x00000257c2fd6228]
Event: 5.605 Thread 0x00000257bfbf9230  855       3       jdk.internal.org.objectweb.asm.MethodWriter::visitAbstractType (8 bytes)
Event: 5.606 Thread 0x00000257bfbf9230 nmethod 855 0x00000257c2fd6510 code [0x00000257c2fd66c0, 0x00000257c2fd67f8]
Event: 5.606 Thread 0x00000257bfbf9230  856       1       java.lang.Integer::intValue (5 bytes)
Event: 5.606 Thread 0x00000257bfbf9230 nmethod 856 0x00000257ca9b3290 code [0x00000257ca9b3420, 0x00000257ca9b34e8]
Event: 5.606 Thread 0x00000257bfbf9230  857       1       java.util.LinkedHashMap::removeEldestEntry (2 bytes)
Event: 5.607 Thread 0x00000257bfbf9230 nmethod 857 0x00000257ca9b3590 code [0x00000257ca9b3720, 0x00000257ca9b37e8]

GC Heap History (0 events):
No events

Dll operation events (8 events):
Event: 0.256 Loaded shared library c:\Users\ayman\.vscode\extensions\redhat.java-1.45.0-win32-x64\jre\21.0.8-win32-x86_64\bin\java.dll
Event: 0.798 Loaded shared library c:\Users\ayman\.vscode\extensions\redhat.java-1.45.0-win32-x64\jre\21.0.8-win32-x86_64\bin\zip.dll
Event: 0.843 Loaded shared library C:\Users\ayman\.vscode\extensions\redhat.java-1.45.0-win32-x64\jre\21.0.8-win32-x86_64\bin\instrument.dll
Event: 0.850 Loaded shared library C:\Users\ayman\.vscode\extensions\redhat.java-1.45.0-win32-x64\jre\21.0.8-win32-x86_64\bin\net.dll
Event: 0.854 Loaded shared library C:\Users\ayman\.vscode\extensions\redhat.java-1.45.0-win32-x64\jre\21.0.8-win32-x86_64\bin\nio.dll
Event: 0.859 Loaded shared library C:\Users\ayman\.vscode\extensions\redhat.java-1.45.0-win32-x64\jre\21.0.8-win32-x86_64\bin\zip.dll
Event: 0.892 Loaded shared library C:\Users\ayman\.vscode\extensions\redhat.java-1.45.0-win32-x64\jre\21.0.8-win32-x86_64\bin\jimage.dll
Event: 2.631 Loaded shared library c:\Users\ayman\.vscode\extensions\redhat.java-1.45.0-win32-x64\jre\21.0.8-win32-x86_64\bin\verify.dll

Deoptimization events (20 events):
Event: 4.924 Thread 0x00000257bfc90db0 Uncommon trap: trap_request=0xffffff6e fr.pc=0x00000257ca9a0d2c relative=0x000000000000020c
Event: 4.924 Thread 0x00000257bfc90db0 Uncommon trap: reason=loop_limit_check action=maybe_recompile pc=0x00000257ca9a0d2c method=java.math.BigInteger.implMulAdd([I[IIII)I @ 26 c2
Event: 4.924 Thread 0x00000257bfc90db0 DEOPT PACKING pc=0x00000257ca9a0d2c sp=0x00000088833fda20
Event: 4.924 Thread 0x00000257bfc90db0 DEOPT UNPACKING pc=0x00000257ca413aa2 sp=0x00000088833fd970 mode 2
Event: 5.384 Thread 0x00000257bfc90db0 Uncommon trap: trap_request=0xffffff45 fr.pc=0x00000257ca98d960 relative=0x0000000000000500
Event: 5.384 Thread 0x00000257bfc90db0 Uncommon trap: reason=unstable_if action=reinterpret pc=0x00000257ca98d960 method=java.lang.AbstractStringBuilder.inflateIfNeededFor(Ljava/lang/String;)V @ 14 c2
Event: 5.384 Thread 0x00000257bfc90db0 DEOPT PACKING pc=0x00000257ca98d960 sp=0x00000088833fe800
Event: 5.385 Thread 0x00000257bfc90db0 DEOPT UNPACKING pc=0x00000257ca413aa2 sp=0x00000088833fe6b0 mode 2
Event: 5.385 Thread 0x00000257bfc90db0 Uncommon trap: trap_request=0xffffff45 fr.pc=0x00000257ca99e48c relative=0x000000000000006c
Event: 5.385 Thread 0x00000257bfc90db0 Uncommon trap: reason=unstable_if action=reinterpret pc=0x00000257ca99e48c method=java.lang.AbstractStringBuilder.isLatin1()Z @ 10 c2
Event: 5.385 Thread 0x00000257bfc90db0 DEOPT PACKING pc=0x00000257ca99e48c sp=0x00000088833fe6f0
Event: 5.385 Thread 0x00000257bfc90db0 DEOPT UNPACKING pc=0x00000257ca413aa2 sp=0x00000088833fe680 mode 2
Event: 5.385 Thread 0x00000257bfc90db0 Uncommon trap: trap_request=0xffffff45 fr.pc=0x00000257ca98ef18 relative=0x00000000000000f8
Event: 5.385 Thread 0x00000257bfc90db0 Uncommon trap: reason=unstable_if action=reinterpret pc=0x00000257ca98ef18 method=java.lang.String.getBytes([BIB)V @ 5 c2
Event: 5.385 Thread 0x00000257bfc90db0 DEOPT PACKING pc=0x00000257ca98ef18 sp=0x00000088833fe730
Event: 5.385 Thread 0x00000257bfc90db0 DEOPT UNPACKING pc=0x00000257ca413aa2 sp=0x00000088833fe6d8 mode 2
Event: 5.399 Thread 0x00000257bfc90db0 Uncommon trap: trap_request=0xffffff45 fr.pc=0x00000257ca9a57ac relative=0x000000000000008c
Event: 5.399 Thread 0x00000257bfc90db0 Uncommon trap: reason=unstable_if action=reinterpret pc=0x00000257ca9a57ac method=jdk.internal.misc.Unsafe.convEndian(ZI)I @ 4 c2
Event: 5.399 Thread 0x00000257bfc90db0 DEOPT PACKING pc=0x00000257ca9a57ac sp=0x00000088833fdcc0
Event: 5.399 Thread 0x00000257bfc90db0 DEOPT UNPACKING pc=0x00000257ca413aa2 sp=0x00000088833fdbf0 mode 2

Classes loaded (20 events):
Event: 5.527 Loading class java/util/regex/Pattern$1MatcherIterator
Event: 5.527 Loading class java/util/regex/Pattern$1MatcherIterator done
Event: 5.532 Loading class java/util/ImmutableCollections$Access
Event: 5.532 Loading class java/util/ImmutableCollections$Access done
Event: 5.532 Loading class java/util/ImmutableCollections$Access$1
Event: 5.532 Loading class jdk/internal/access/JavaUtilCollectionAccess
Event: 5.532 Loading class jdk/internal/access/JavaUtilCollectionAccess done
Event: 5.532 Loading class java/util/ImmutableCollections$Access$1 done
Event: 5.535 Loading class java/util/stream/Nodes$SpinedNodeBuilder
Event: 5.538 Loading class java/util/stream/SpinedBuffer
Event: 5.538 Loading class java/util/stream/AbstractSpinedBuffer
Event: 5.538 Loading class java/util/stream/AbstractSpinedBuffer done
Event: 5.538 Loading class java/util/stream/SpinedBuffer done
Event: 5.538 Loading class java/util/stream/Nodes$SpinedNodeBuilder done
Event: 5.550 Loading class java/lang/invoke/DirectMethodHandle$Special
Event: 5.550 Loading class java/lang/invoke/DirectMethodHandle$Special done
Event: 5.615 Loading class java/util/stream/ReduceOps$2
Event: 5.615 Loading class java/util/stream/ReduceOps$2 done
Event: 5.615 Loading class java/util/stream/ReduceOps$2ReducingSink
Event: 5.616 Loading class java/util/stream/ReduceOps$2ReducingSink done

Classes unloaded (0 events):
No events

Classes redefined (0 events):
No events

Internal exceptions (20 events):
Event: 0.945 Thread 0x00000257bfc90db0 Exception <a 'java/lang/NoSuchMethodError'{0x00000000d59c9e48}: 'int java.lang.invoke.DirectMethodHandle$Holder.invokeSpecial(java.lang.Object, java.lang.Object, java.lang.Object, int)'> (0x00000000d59c9e48) 
thrown [s\src\hotspot\share\interpreter\linkResolver.cpp, line 773]
Event: 0.950 Thread 0x00000257bfc90db0 Exception <a 'java/lang/NoSuchMethodError'{0x00000000d59dc830}: 'java.lang.Object java.lang.invoke.DirectMethodHandle$Holder.invokeStatic(java.lang.Object, java.lang.Object, java.lang.Object, java.lang.Object, int)'> (0x00000000d59dc830) 
thrown [s\src\hotspot\share\interpreter\linkResolver.cpp, line 773]
Event: 0.955 Thread 0x00000257bfc90db0 Exception <a 'java/lang/NoSuchMethodError'{0x00000000d59e7cf8}: 'void java.lang.invoke.DelegatingMethodHandle$Holder.reinvoke_L(java.lang.Object, java.lang.Object, java.lang.Object, int, java.lang.Object)'> (0x00000000d59e7cf8) 
thrown [s\src\hotspot\share\interpreter\linkResolver.cpp, line 773]
Event: 0.959 Thread 0x00000257bfc90db0 Exception <a 'java/lang/NoSuchMethodError'{0x00000000d59f8648}: 'int java.lang.invoke.DirectMethodHandle$Holder.invokeSpecial(java.lang.Object, java.lang.Object, java.lang.Object)'> (0x00000000d59f8648) 
thrown [s\src\hotspot\share\interpreter\linkResolver.cpp, line 773]
Event: 0.962 Thread 0x00000257bfc90db0 Exception <a 'java/lang/NoSuchMethodError'{0x00000000d5a04308}: 'java.lang.Object java.lang.invoke.DirectMethodHandle$Holder.invokeStatic(java.lang.Object, java.lang.Object, int)'> (0x00000000d5a04308) 
thrown [s\src\hotspot\share\interpreter\linkResolver.cpp, line 773]
Event: 0.963 Thread 0x00000257bfc90db0 Exception <a 'java/lang/NoSuchMethodError'{0x00000000d5a08c58}: 'void java.lang.invoke.DirectMethodHandle$Holder.invokeStatic(java.lang.Object, java.lang.Object, int, java.lang.Object)'> (0x00000000d5a08c58) 
thrown [s\src\hotspot\share\interpreter\linkResolver.cpp, line 773]
Event: 0.964 Thread 0x00000257bfc90db0 Exception <a 'java/lang/NoSuchMethodError'{0x00000000d5a0c7e8}: 'void java.lang.invoke.DirectMethodHandle$Holder.invokeSpecial(java.lang.Object, java.lang.Object, java.lang.Object, int, java.lang.Object)'> (0x00000000d5a0c7e8) 
thrown [s\src\hotspot\share\interpreter\linkResolver.cpp, line 773]
Event: 0.964 Thread 0x00000257bfc90db0 Exception <a 'java/lang/NoSuchMethodError'{0x00000000d5a0fc58}: 'void java.lang.invoke.DelegatingMethodHandle$Holder.delegate(java.lang.Object, java.lang.Object, int, java.lang.Object)'> (0x00000000d5a0fc58) 
thrown [s\src\hotspot\share\interpreter\linkResolver.cpp, line 773]
Event: 2.825 Thread 0x00000257bfc90db0 Exception <a 'java/lang/NoSuchMethodError'{0x00000000d5bcef28}: 'void java.lang.invoke.DelegatingMethodHandle$Holder.reinvoke_L(java.lang.Object, java.lang.Object, java.lang.Object, int)'> (0x00000000d5bcef28) 
thrown [s\src\hotspot\share\interpreter\linkResolver.cpp, line 773]
Event: 3.942 Thread 0x00000257bfc90db0 Exception <a 'java/lang/NoSuchMethodError'{0x00000000d605a310}: 'void java.lang.invoke.DirectMethodHandle$Holder.invokeVirtual(java.lang.Object, java.lang.Object)'> (0x00000000d605a310) 
thrown [s\src\hotspot\share\interpreter\linkResolver.cpp, line 773]
Event: 5.179 Thread 0x00000257bfc90db0 Exception <a 'java/lang/NoSuchMethodError'{0x00000000d642b1b0}: 'void java.lang.invoke.DirectMethodHandle$Holder.invokeStatic(java.lang.Object, java.lang.Object)'> (0x00000000d642b1b0) 
thrown [s\src\hotspot\share\interpreter\linkResolver.cpp, line 773]
Event: 5.193 Thread 0x00000257bfc90db0 Exception <a 'java/lang/ClassNotFoundException'{0x00000000d6453328}: sun/net/www/protocol/c/Handler> (0x00000000d6453328) 
thrown [s\src\hotspot\share\classfile\systemDictionary.cpp, line 312]
Event: 5.385 Thread 0x00000257bfc90db0 Exception <a 'java/io/FileNotFoundException'{0x00000000d64b1010}> (0x00000000d64b1010) 
thrown [s\src\hotspot\share\prims\jni.cpp, line 520]
Event: 5.389 Thread 0x00000257bfc90db0 Exception <a 'java/io/FileNotFoundException'{0x00000000d64b26b0}> (0x00000000d64b26b0) 
thrown [s\src\hotspot\share\prims\jni.cpp, line 520]
Event: 5.391 Thread 0x00000257bfc90db0 Exception <a 'java/io/FileNotFoundException'{0x00000000d64b3678}> (0x00000000d64b3678) 
thrown [s\src\hotspot\share\prims\jni.cpp, line 520]
Event: 5.391 Thread 0x00000257bfc90db0 Exception <a 'java/io/FileNotFoundException'{0x00000000d64b4508}> (0x00000000d64b4508) 
thrown [s\src\hotspot\share\prims\jni.cpp, line 520]
Event: 5.525 Thread 0x00000257bfc90db0 Exception <a 'java/io/FileNotFoundException'{0x00000000d64ee9a0}> (0x00000000d64ee9a0) 
thrown [s\src\hotspot\share\prims\jni.cpp, line 520]
Event: 5.557 Thread 0x00000257bfc90db0 Exception <a 'java/lang/NoSuchMethodError'{0x00000000d652a550}: 'java.lang.Object java.lang.invoke.DirectMethodHandle$Holder.invokeInterface(java.lang.Object, java.lang.Object)'> (0x00000000d652a550) 
thrown [s\src\hotspot\share\interpreter\linkResolver.cpp, line 773]
Event: 5.565 Thread 0x00000257bfc90db0 Exception <a 'java/lang/NoSuchMethodError'{0x00000000d653e038}: 'java.lang.Object java.lang.invoke.Invokers$Holder.invokeExact_MT(java.lang.Object, java.lang.Object, java.lang.Object, java.lang.Object, java.lang.Object, java.lang.Object)'> (0x00000000d653e038) 
thrown [s\src\hotspot\share\interpreter\linkResolver.cpp, line 773]
Event: 5.605 Thread 0x00000257bfc90db0 Exception <a 'java/lang/NoSuchMethodError'{0x00000000d6555290}: 'int java.lang.invoke.DirectMethodHandle$Holder.invokeStatic(java.lang.Object, java.lang.Object, java.lang.Object, java.lang.Object, java.lang.Object)'> (0x00000000d6555290) 
thrown [s\src\hotspot\share\interpreter\linkResolver.cpp, line 773]

ZGC Phase Switch (0 events):
No events

VM Operations (14 events):
Event: 0.796 Executing VM operation: HandshakeAllThreads (Deoptimize)
Event: 0.796 Executing VM operation: HandshakeAllThreads (Deoptimize) done
Event: 0.912 Executing VM operation: HandshakeAllThreads (Deoptimize)
Event: 0.912 Executing VM operation: HandshakeAllThreads (Deoptimize) done
Event: 1.927 Executing VM operation: Cleanup
Event: 2.634 Executing VM operation: Cleanup done
Event: 3.640 Executing VM operation: Cleanup
Event: 3.648 Executing VM operation: Cleanup done
Event: 4.655 Executing VM operation: Cleanup
Event: 4.699 Executing VM operation: Cleanup done
Event: 4.956 Executing VM operation: HandshakeAllThreads (Deoptimize)
Event: 4.956 Executing VM operation: HandshakeAllThreads (Deoptimize) done
Event: 5.099 Executing VM operation: HandshakeAllThreads (Deoptimize)
Event: 5.099 Executing VM operation: HandshakeAllThreads (Deoptimize) done

Memory protections (0 events):
No events

Nmethod flushes (0 events):
No events

Events (11 events):
Event: 0.315 Thread 0x00000257bfc90db0 Thread added: 0x00000257bfc90db0
Event: 0.508 Thread 0x00000257bfc90db0 Thread added: 0x00000257bfb78750
Event: 0.509 Thread 0x00000257bfc90db0 Thread added: 0x00000257bfb79660
Event: 0.510 Thread 0x00000257bfc90db0 Thread added: 0x00000257bfb7b950
Event: 0.510 Thread 0x00000257bfc90db0 Thread added: 0x00000257bfb7c860
Event: 0.510 Thread 0x00000257bfc90db0 Thread added: 0x00000257bfb7e620
Event: 0.511 Thread 0x00000257bfc90db0 Thread added: 0x00000257bfb81080
Event: 0.511 Thread 0x00000257bfc90db0 Thread added: 0x00000257bfb82130
Event: 0.599 Thread 0x00000257bfc90db0 Thread added: 0x00000257bfbf9230
Event: 0.765 Thread 0x00000257bfc90db0 Thread added: 0x00000257bfcfcf60
Event: 3.412 Thread 0x00000257bfc90db0 Thread added: 0x00000258183be860


Dynamic libraries:
0x00007ff7e49d0000 - 0x00007ff7e49de000 	c:\Users\ayman\.vscode\extensions\redhat.java-1.45.0-win32-x64\jre\21.0.8-win32-x86_64\bin\java.exe
0x00007ffeb38d0000 - 0x00007ffeb3ac8000 	C:\WINDOWS\SYSTEM32\ntdll.dll
0x00007ffeb2bc0000 - 0x00007ffeb2c82000 	C:\WINDOWS\System32\KERNEL32.DLL
0x00007ffeb1500000 - 0x00007ffeb17f6000 	C:\WINDOWS\System32\KERNELBASE.dll
0x00007ffeb1800000 - 0x00007ffeb1900000 	C:\WINDOWS\System32\ucrtbase.dll
0x00007ffea7770000 - 0x00007ffea7788000 	c:\Users\ayman\.vscode\extensions\redhat.java-1.45.0-win32-x64\jre\21.0.8-win32-x86_64\bin\jli.dll
0x00007ffeb2470000 - 0x00007ffeb260d000 	C:\WINDOWS\System32\USER32.dll
0x00007ffeb0f70000 - 0x00007ffeb0f92000 	C:\WINDOWS\System32\win32u.dll
0x00007ffeb27e0000 - 0x00007ffeb280b000 	C:\WINDOWS\System32\GDI32.dll
0x00007ffeb1110000 - 0x00007ffeb1229000 	C:\WINDOWS\System32\gdi32full.dll
0x00007ffeb1230000 - 0x00007ffeb12cd000 	C:\WINDOWS\System32\msvcp_win.dll
0x00007ffea7af0000 - 0x00007ffea7b0e000 	c:\Users\ayman\.vscode\extensions\redhat.java-1.45.0-win32-x64\jre\21.0.8-win32-x86_64\bin\VCRUNTIME140.dll
0x00007ffe9b700000 - 0x00007ffe9b99b000 	C:\WINDOWS\WinSxS\amd64_microsoft.windows.common-controls_6595b64144ccf1df_6.0.19041.6280_none_60bc30a171f2f3f3\COMCTL32.dll
0x00007ffeb2320000 - 0x00007ffeb23be000 	C:\WINDOWS\System32\msvcrt.dll
0x00007ffeb1900000 - 0x00007ffeb192f000 	C:\WINDOWS\System32\IMM32.DLL
0x00007ffeae3b0000 - 0x00007ffeae3bc000 	c:\Users\ayman\.vscode\extensions\redhat.java-1.45.0-win32-x64\jre\21.0.8-win32-x86_64\bin\vcruntime140_1.dll
0x00007ffe860c0000 - 0x00007ffe8614d000 	c:\Users\ayman\.vscode\extensions\redhat.java-1.45.0-win32-x64\jre\21.0.8-win32-x86_64\bin\msvcp140.dll
0x00007ffe55e70000 - 0x00007ffe56c07000 	c:\Users\ayman\.vscode\extensions\redhat.java-1.45.0-win32-x64\jre\21.0.8-win32-x86_64\bin\server\jvm.dll
0x00007ffeb2030000 - 0x00007ffeb20e1000 	C:\WINDOWS\System32\ADVAPI32.dll
0x00007ffeb2150000 - 0x00007ffeb21ef000 	C:\WINDOWS\System32\sechost.dll
0x00007ffeb2ff0000 - 0x00007ffeb3110000 	C:\WINDOWS\System32\RPCRT4.dll
0x00007ffeb1030000 - 0x00007ffeb1057000 	C:\WINDOWS\System32\bcrypt.dll
0x00007ffeb2610000 - 0x00007ffeb267b000 	C:\WINDOWS\System32\WS2_32.dll
0x00007ffeb0dd0000 - 0x00007ffeb0e1b000 	C:\WINDOWS\SYSTEM32\POWRPROF.dll
0x00007ffe96120000 - 0x00007ffe96147000 	C:\WINDOWS\SYSTEM32\WINMM.dll
0x00007ffe99ae0000 - 0x00007ffe99aea000 	C:\WINDOWS\SYSTEM32\VERSION.dll
0x00007ffeb0db0000 - 0x00007ffeb0dc2000 	C:\WINDOWS\SYSTEM32\UMPDC.dll
0x00007ffeaedb0000 - 0x00007ffeaedc2000 	C:\WINDOWS\SYSTEM32\kernel.appcore.dll
0x00007ffeab160000 - 0x00007ffeab16a000 	c:\Users\ayman\.vscode\extensions\redhat.java-1.45.0-win32-x64\jre\21.0.8-win32-x86_64\bin\jimage.dll
0x00007ffea77a0000 - 0x00007ffea79a1000 	C:\WINDOWS\SYSTEM32\DBGHELP.DLL
0x00007ffe89c10000 - 0x00007ffe89c44000 	C:\WINDOWS\SYSTEM32\dbgcore.DLL
0x00007ffeb0fa0000 - 0x00007ffeb1022000 	C:\WINDOWS\System32\bcryptPrimitives.dll
0x00007ffea7ae0000 - 0x00007ffea7aef000 	c:\Users\ayman\.vscode\extensions\redhat.java-1.45.0-win32-x64\jre\21.0.8-win32-x86_64\bin\instrument.dll
0x00007ffea6660000 - 0x00007ffea667f000 	c:\Users\ayman\.vscode\extensions\redhat.java-1.45.0-win32-x64\jre\21.0.8-win32-x86_64\bin\java.dll
0x00007ffeb3120000 - 0x00007ffeb3890000 	C:\WINDOWS\System32\SHELL32.dll
0x00007ffeaefb0000 - 0x00007ffeaf755000 	C:\WINDOWS\SYSTEM32\windows.storage.dll
0x00007ffeb2c90000 - 0x00007ffeb2fe3000 	C:\WINDOWS\System32\combase.dll
0x00007ffeb0850000 - 0x00007ffeb087b000 	C:\WINDOWS\SYSTEM32\Wldp.dll
0x00007ffeb2810000 - 0x00007ffeb28dd000 	C:\WINDOWS\System32\OLEAUT32.dll
0x00007ffeb2960000 - 0x00007ffeb2a0d000 	C:\WINDOWS\System32\SHCORE.dll
0x00007ffeb20f0000 - 0x00007ffeb214b000 	C:\WINDOWS\System32\shlwapi.dll
0x00007ffeb0ea0000 - 0x00007ffeb0ec4000 	C:\WINDOWS\SYSTEM32\profapi.dll
0x00007ffea5f00000 - 0x00007ffea5f18000 	c:\Users\ayman\.vscode\extensions\redhat.java-1.45.0-win32-x64\jre\21.0.8-win32-x86_64\bin\zip.dll
0x00007ffea7760000 - 0x00007ffea7770000 	C:\Users\ayman\.vscode\extensions\redhat.java-1.45.0-win32-x64\jre\21.0.8-win32-x86_64\bin\net.dll
0x00007ffeabc80000 - 0x00007ffeabd8a000 	C:\WINDOWS\SYSTEM32\WINHTTP.dll
0x00007ffeb0630000 - 0x00007ffeb069a000 	C:\WINDOWS\system32\mswsock.dll
0x00007ffea4e10000 - 0x00007ffea4e26000 	C:\Users\ayman\.vscode\extensions\redhat.java-1.45.0-win32-x64\jre\21.0.8-win32-x86_64\bin\nio.dll
0x00007ffea64f0000 - 0x00007ffea6500000 	c:\Users\ayman\.vscode\extensions\redhat.java-1.45.0-win32-x64\jre\21.0.8-win32-x86_64\bin\verify.dll

JVMTI agents:
c:\Users\ayman\.vscode\extensions\redhat.java-1.45.0-win32-x64\lombok\lombok-1.18.39-4050.jar path:c:\Users\ayman\.vscode\extensions\redhat.java-1.45.0-win32-x64\jre\21.0.8-win32-x86_64\bin\instrument.dll, loaded, initialized, instrumentlib options:none

dbghelp: loaded successfully - version: 4.0.5 - missing functions: none
symbol engine: initialized successfully - sym options: 0x614 - pdb path: .;c:\Users\ayman\.vscode\extensions\redhat.java-1.45.0-win32-x64\jre\21.0.8-win32-x86_64\bin;C:\WINDOWS\SYSTEM32;C:\WINDOWS\WinSxS\amd64_microsoft.windows.common-controls_6595b64144ccf1df_6.0.19041.6280_none_60bc30a171f2f3f3;c:\Users\ayman\.vscode\extensions\redhat.java-1.45.0-win32-x64\jre\21.0.8-win32-x86_64\bin\server

VM Arguments:
jvm_args: --add-modules=ALL-SYSTEM --add-opens=java.base/java.util=ALL-UNNAMED --add-opens=java.base/java.lang=ALL-UNNAMED --add-opens=java.base/sun.nio.fs=ALL-UNNAMED -Declipse.application=org.eclipse.jdt.ls.core.id1 -Dosgi.bundles.defaultStartLevel=4 -Declipse.product=org.eclipse.jdt.ls.core.product -Djava.import.generatesMetadataFilesAtProjectRoot=false -DDetectVMInstallationsJob.disabled=true -Dfile.encoding=utf8 -XX:+UseParallelGC -XX:GCTimeRatio=4 -XX:AdaptiveSizePolicyWeight=90 -Dsun.zip.disableMemoryMapping=true -Xmx2G -Xms100m -Xlog:disable -javaagent:c:\Users\ayman\.vscode\extensions\redhat.java-1.45.0-win32-x64\lombok\lombok-1.18.39-4050.jar -XX:+HeapDumpOnOutOfMemoryError -XX:HeapDumpPath=c:\Users\ayman\AppData\Roaming\Code\User\workspaceStorage\13efcf21b2e85cbd2ffba05e153eed81\redhat.java -Daether.dependencyCollector.impl=bf 
java_command: c:\Users\ayman\.vscode\extensions\redhat.java-1.45.0-win32-x64\server\plugins\org.eclipse.equinox.launcher_1.7.0.v20250519-0528.jar -configuration c:\Users\ayman\AppData\Roaming\Code\User\globalStorage\redhat.java\1.45.0\config_win -data c:\Users\ayman\AppData\Roaming\Code\User\workspaceStorage\13efcf21b2e85cbd2ffba05e153eed81\redhat.java\jdt_ws --pipe=\\.\pipe\lsp-d602242cff096baa653ab22e1d127fd6-sock
java_class_path (initial): c:\Users\ayman\.vscode\extensions\redhat.java-1.45.0-win32-x64\server\plugins\org.eclipse.equinox.launcher_1.7.0.v20250519-0528.jar
Launcher Type: SUN_STANDARD

[Global flags]
    uintx AdaptiveSizePolicyWeight                 = 90                                        {product} {command line}
     intx CICompilerCount                          = 3                                         {product} {ergonomic}
    uintx GCTimeRatio                              = 4                                         {product} {command line}
     bool HeapDumpOnOutOfMemoryError               = true                                   {manageable} {command line}
    ccstr HeapDumpPath                             = c:\Users\ayman\AppData\Roaming\Code\User\workspaceStorage\13efcf21b2e85cbd2ffba05e153eed81\redhat.java         {manageable} {command line}
   size_t InitialHeapSize                          = 104857600                                 {product} {command line}
   size_t MaxHeapSize                              = 2147483648                                {product} {command line}
   size_t MaxNewSize                               = 715653120                                 {product} {ergonomic}
   size_t MinHeapDeltaBytes                        = 524288                                    {product} {ergonomic}
   size_t MinHeapSize                              = 104857600                                 {product} {command line}
   size_t NewSize                                  = 34603008                                  {product} {ergonomic}
    uintx NonNMethodCodeHeapSize                   = 5832780                                {pd product} {ergonomic}
    uintx NonProfiledCodeHeapSize                  = 122912730                              {pd product} {ergonomic}
   size_t OldSize                                  = 70254592                                  {product} {ergonomic}
    uintx ProfiledCodeHeapSize                     = 122912730                              {pd product} {ergonomic}
    uintx ReservedCodeCacheSize                    = 251658240                              {pd product} {ergonomic}
     bool SegmentedCodeCache                       = true                                      {product} {ergonomic}
   size_t SoftMaxHeapSize                          = 2147483648                             {manageable} {ergonomic}
     bool UseCompressedOops                        = true                           {product lp64_product} {ergonomic}
     bool UseLargePagesIndividualAllocation        = false                                  {pd product} {ergonomic}
     bool UseParallelGC                            = true                                      {product} {command line}

Logging:
Log output configuration:
 #0: stdout all=off uptime,level,tags foldmultilines=false
 #1: stderr all=off uptime,level,tags foldmultilines=false

Environment Variables:
JAVA_HOME=C:\Program Files\Java\jdk-17
PATH=C:\Program Files\Common Files\Oracle\Java\javapath;C:\WINDOWS\system32;C:\WINDOWS;C:\WINDOWS\System32\Wbem;C:\WINDOWS\System32\WindowsPowerShell\v1.0\;C:\WINDOWS\System32\OpenSSH\;C:\Program Files\Java\jdk-17\bin;C:\Program Files\nodejs\;C:\Program Files\Git\cmd;C:\Program Files\FME\;C:\Users\ayman\Downloads\apache-tomcat-9.0.105\bin;;c:\Users\ayman\AppData\Local\Programs\cursor\resources\app\bin;c:\Users\ayman\AppData\Local\Programs\cursor\resources\app\bin;C:\Program Files (x86)\Windows Kits\10\Windows Performance Toolkit\;C:\Program Files\Docker\Docker\resources\bin;C:\Program Files\k6\;C:\Program Files\Common Files\Oracle\Java\javapath;C:\WINDOWS\system32;C:\WINDOWS;C:\WINDOWS\System32\Wbem;C:\WINDOWS\System32\WindowsPowerShell\v1.0\;C:\WINDOWS\System32\OpenSSH\;C:\Program Files\Java\jdk-17\bin;C:\Program Files\nodejs\;C:\Program Files\Git\cmd;C:\Program Files\FME\;C:\Users\ayman\Downloads\apache-tomcat-9.0.105\bin;;C:\Program Files (x86)\Windows Kits\10\Windows Performance Toolkit\;C:\Users\ayman\AppData\Local\Programs\Python\Python312\Scripts\;C:\Users\ayman\AppData\Local\Programs\Python\Python312\;C:\Users\ayman\AppData\Local\Microsoft\WindowsApps;C:\Users\ayman\AppData\Roaming\npm;D:\Microsoft VS Code\bin;D:\IntelliJ IDEA Community Edition 2025.1.1.1\bin;C:\Program Files\PostgreSQL\17\bin;C:\Program Files\PostgreSQL\17\bin;C:\Program Files\wkhtmltopdf\bin;C:\Users\ayman\AppData\Local\Programs\cursor\resources\app\bin
USERNAME=ayman
OS=Windows_NT
PROCESSOR_IDENTIFIER=Intel64 Family 6 Model 78 Stepping 3, GenuineIntel
TMP=C:\Users\ayman\AppData\Local\Temp
TEMP=C:\Users\ayman\AppData\Local\Temp




Periodic native trim disabled

---------------  S Y S T E M  ---------------

OS:
 Windows 10 , 64 bit Build 19041 (10.0.19041.5915)
OS uptime: 15 days 9:20 hours
Hyper-V role detected

CPU: total 4 (initial active 4) (2 cores per cpu, 2 threads per core) family 6 model 78 stepping 3 microcode 0xcc, cx8, cmov, fxsr, ht, mmx, 3dnowpref, sse, sse2, sse3, ssse3, sse4.1, sse4.2, popcnt, lzcnt, tsc, tscinvbit, avx, avx2, aes, erms, clmul, bmi1, bmi2, adx, fma, vzeroupper, clflush, clflushopt, hv, rdtscp, f16c
Processor Information for processor 0
  Max Mhz: 2400, Current Mhz: 2300, Mhz Limit: 2280
Processor Information for processor 1
  Max Mhz: 2400, Current Mhz: 2300, Mhz Limit: 2280
Processor Information for processor 2
  Max Mhz: 2400, Current Mhz: 1500, Mhz Limit: 2280
Processor Information for processor 3
  Max Mhz: 2400, Current Mhz: 2300, Mhz Limit: 2280

Memory: 4k page, system-wide physical 8072M (79M free)
TotalPageFile size 23231M (AvailPageFile size 211M)
current process WorkingSet (physical memory assigned to process): 58M, peak: 58M
current process commit charge ("private bytes"): 216M, peak: 216M

vm_info: OpenJDK 64-Bit Server VM (21.0.8+9-LTS) for windows-amd64 JRE (21.0.8+9-LTS), built on 2025-07-15T00:00:00Z by "admin" with MS VC++ 17.7 (VS2022)

END.
